src/controllers/advisorAssignmentController.ts(181,13): error TS18047: 'advisor' is possibly 'null'.
src/controllers/advisorAssignmentController.ts(186,33): error TS18047: 'advisor' is possibly 'null'.
src/controllers/advisorAssignmentController.ts(283,33): error TS18047: 'advisor' is possibly 'null'.
src/controllers/advisorImportController.ts(61,29): error TS2322: Type '{ nosis: any; nrp: any; name: any; rank: any; position: any; email: any; password: string; role: "PEMBIMBING"; }' is not assignable to type '(Without<UserCreateInput, UserUncheckedCreateInput> & UserUncheckedCreateInput) | (Without<...> & UserCreateInput)'.
  Type '{ nosis: any; nrp: any; name: any; rank: any; position: any; email: any; password: string; role: "PEMBIMBING"; }' is not assignable to type 'Without<UserUncheckedCreateInput, UserCreateInput> & UserCreateInput'.
    Type '{ nosis: any; nrp: any; name: any; rank: any; position: any; email: any; password: string; role: "PEMBIMBING"; }' is missing the following properties from type 'UserCreateInput': id, updatedAt
src/controllers/examinerImportController.ts(61,29): error TS2322: Type '{ nosis: any; nrp: any; name: any; rank: any; position: any; email: any; password: string; role: "PENGUJI"; }' is not assignable to type '(Without<UserCreateInput, UserUncheckedCreateInput> & UserUncheckedCreateInput) | (Without<...> & UserCreateInput)'.
  Type '{ nosis: any; nrp: any; name: any; rank: any; position: any; email: any; password: string; role: "PENGUJI"; }' is not assignable to type 'Without<UserUncheckedCreateInput, UserCreateInput> & UserCreateInput'.
    Type '{ nosis: any; nrp: any; name: any; rank: any; position: any; email: any; password: string; role: "PENGUJI"; }' is missing the following properties from type 'UserCreateInput': id, updatedAt
src/controllers/paperController.ts(141,99): error TS18047: 'paper' is possibly 'null'.
src/controllers/pdfController.ts(4,21): error TS7016: Could not find a declaration file for module 'html-pdf-node'. 'C:/Users/ASUS/Downloads/Karya-Setukpa/backend/node_modules/html-pdf-node/index.js' implicitly has an 'any' type.
  Try `npm i --save-dev @types/html-pdf-node` if it exists or add a new declaration (.d.ts) file containing `declare module 'html-pdf-node';`
src/controllers/systemController.ts(71,46): error TS2339: Property 'announcement' does not exist on type 'PrismaClient<{ log: ("info" | "query" | "warn" | "error")[]; }, never, DefaultArgs>'.
src/controllers/wordImportController.ts(89,13): error TS2322: Type '{ name: string; description: string; settings: any; pages: any; }' is not assignable to type '(Without<PaperTemplateCreateInput, PaperTemplateUncheckedCreateInput> & PaperTemplateUncheckedCreateInput) | (Without<...> & PaperTemplateCreateInput)'.
  Type '{ name: string; description: string; settings: any; pages: any; }' is not assignable to type 'Without<PaperTemplateUncheckedCreateInput, PaperTemplateCreateInput> & PaperTemplateCreateInput'.
    Type '{ name: string; description: string; settings: any; pages: any; }' is missing the following properties from type 'PaperTemplateCreateInput': id, updatedAt
src/routes/systemRoutes.ts(3,95): error TS2305: Module '"../controllers/systemController.js"' has no exported member 'getAnnouncements'.
src/routes/systemRoutes.ts(3,113): error TS2305: Module '"../controllers/systemController.js"' has no exported member 'deleteAnnouncement'.
src/utils/jwt.ts(11,16): error TS2769: No overload matches this call.
  Overload 1 of 5, '(payload: string | object | Buffer<ArrayBufferLike>, secretOrPrivateKey: null, options?: (SignOptions & { algorithm: "none"; }) | undefined): string', gave the following error.
    Argument of type 'string' is not assignable to parameter of type 'null'.
  Overload 2 of 5, '(payload: string | object | Buffer<ArrayBufferLike>, secretOrPrivateKey: Buffer<ArrayBufferLike> | Secret | PrivateKeyInput | JsonWebKeyInput, options?: SignOptions | undefined): string', gave the following error.
    Type 'string' is not assignable to type 'number | StringValue | undefined'.
  Overload 3 of 5, '(payload: string | object | Buffer<ArrayBufferLike>, secretOrPrivateKey: Buffer<ArrayBufferLike> | Secret | PrivateKeyInput | JsonWebKeyInput, callback: SignCallback): void', gave the following error.
    Object literal may only specify known properties, and 'expiresIn' does not exist in type 'SignCallback'.
